This file contains any messages produced by compilers while
running configure, to aid debugging if configure makes a mistake.

It was created by libaeon configure 0.16.21, which was
generated by GNU Autoconf 2.61.  Invocation command line was

  $ ./configure 

## --------- ##
## Platform. ##
## --------- ##

hostname = earmbrust-VirtualBox
uname -m = x86_64
uname -r = 4.8.0-22-generic
uname -s = Linux
uname -v = #24-Ubuntu SMP Sat Oct 8 09:15:00 UTC 2016

/usr/bin/uname -p = unknown
/bin/uname -X     = unknown

/bin/arch              = unknown
/usr/bin/arch -k       = unknown
/usr/convex/getsysinfo = unknown
/usr/bin/hostinfo      = unknown
/bin/machine           = unknown
/usr/bin/oslevel       = unknown
/bin/universe          = unknown

PATH: /home/earmbrust/bin
PATH: /home/earmbrust/.local/bin
PATH: /usr/local/sbin
PATH: /usr/local/bin
PATH: /usr/sbin
PATH: /usr/bin
PATH: /sbin
PATH: /bin
PATH: /usr/games
PATH: /usr/local/games
PATH: /snap/bin


## ----------- ##
## Core tests. ##
## ----------- ##

configure:1980: checking for a BSD-compatible install
configure:2036: result: /usr/bin/install -c
configure:2047: checking whether build environment is sane
configure:2090: result: yes
configure:2118: checking for a thread-safe mkdir -p
configure:2157: result: /bin/mkdir -p
configure:2170: checking for gawk
configure:2200: result: no
configure:2170: checking for mawk
configure:2186: found /usr/bin/mawk
configure:2197: result: mawk
configure:2208: checking whether make sets $(MAKE)
configure:2229: result: yes
configure:2480: checking for g++
configure:2496: found /usr/bin/g++
configure:2507: result: g++
configure:2538: checking for C++ compiler version
configure:2545: g++ --version >&5
g++ (Ubuntu 6.2.0-5ubuntu12) 6.2.0 20161005
Copyright (C) 2016 Free Software Foundation, Inc.
This is free software; see the source for copying conditions.  There is NO
warranty; not even for MERCHANTABILITY or FITNESS FOR A PARTICULAR PURPOSE.

configure:2548: $? = 0
configure:2555: g++ -v >&5
Using built-in specs.
COLLECT_GCC=g++
COLLECT_LTO_WRAPPER=/usr/lib/gcc/x86_64-linux-gnu/6/lto-wrapper
Target: x86_64-linux-gnu
Configured with: ../src/configure -v --with-pkgversion='Ubuntu 6.2.0-5ubuntu12' --with-bugurl=file:///usr/share/doc/gcc-6/README.Bugs --enable-languages=c,ada,c++,java,go,d,fortran,objc,obj-c++ --prefix=/usr --program-suffix=-6 --program-prefix=x86_64-linux-gnu- --enable-shared --enable-linker-build-id --libexecdir=/usr/lib --without-included-gettext --enable-threads=posix --libdir=/usr/lib --enable-nls --with-sysroot=/ --enable-clocale=gnu --enable-libstdcxx-debug --enable-libstdcxx-time=yes --with-default-libstdcxx-abi=new --enable-gnu-unique-object --disable-vtable-verify --enable-libmpx --enable-plugin --enable-default-pie --with-system-zlib --disable-browser-plugin --enable-java-awt=gtk --enable-gtk-cairo --with-java-home=/usr/lib/jvm/java-1.5.0-gcj-6-amd64/jre --enable-java-home --with-jvm-root-dir=/usr/lib/jvm/java-1.5.0-gcj-6-amd64 --with-jvm-jar-dir=/usr/lib/jvm-exports/java-1.5.0-gcj-6-amd64 --with-arch-directory=amd64 --with-ecj-jar=/usr/share/java/eclipse-ecj.jar --enable-objc-gc --enable-multiarch --disable-werror --with-arch-32=i686 --with-abi=m64 --with-multilib-list=m32,m64,mx32 --enable-multilib --with-tune=generic --enable-checking=release --build=x86_64-linux-gnu --host=x86_64-linux-gnu --target=x86_64-linux-gnu
Thread model: posix
gcc version 6.2.0 20161005 (Ubuntu 6.2.0-5ubuntu12) 
configure:2558: $? = 0
configure:2565: g++ -V >&5
g++: error: unrecognized command line option '-V'
g++: fatal error: no input files
compilation terminated.
configure:2568: $? = 1
configure:2591: checking for C++ compiler default output file name
configure:2618: g++    conftest.cpp  >&5
configure:2621: $? = 0
configure:2659: result: a.out
configure:2676: checking whether the C++ compiler works
configure:2686: ./a.out
configure:2689: $? = 0
configure:2706: result: yes
configure:2713: checking whether we are cross compiling
configure:2715: result: no
configure:2718: checking for suffix of executables
configure:2725: g++ -o conftest    conftest.cpp  >&5
configure:2728: $? = 0
configure:2752: result: 
configure:2758: checking for suffix of object files
configure:2784: g++ -c   conftest.cpp >&5
configure:2787: $? = 0
configure:2810: result: o
configure:2814: checking whether we are using the GNU C++ compiler
configure:2843: g++ -c   conftest.cpp >&5
configure:2849: $? = 0
configure:2866: result: yes
configure:2871: checking whether g++ accepts -g
configure:2901: g++ -c -g  conftest.cpp >&5
configure:2907: $? = 0
configure:3006: result: yes
configure:3040: checking for style of include used by make
configure:3068: result: GNU
configure:3093: checking dependency style of g++
configure:3184: result: gcc3
configure:3247: checking for gcc
configure:3263: found /usr/bin/gcc
configure:3274: result: gcc
configure:3512: checking for C compiler version
configure:3519: gcc --version >&5
gcc (Ubuntu 6.2.0-5ubuntu12) 6.2.0 20161005
Copyright (C) 2016 Free Software Foundation, Inc.
This is free software; see the source for copying conditions.  There is NO
warranty; not even for MERCHANTABILITY or FITNESS FOR A PARTICULAR PURPOSE.

configure:3522: $? = 0
configure:3529: gcc -v >&5
Using built-in specs.
COLLECT_GCC=gcc
COLLECT_LTO_WRAPPER=/usr/lib/gcc/x86_64-linux-gnu/6/lto-wrapper
Target: x86_64-linux-gnu
Configured with: ../src/configure -v --with-pkgversion='Ubuntu 6.2.0-5ubuntu12' --with-bugurl=file:///usr/share/doc/gcc-6/README.Bugs --enable-languages=c,ada,c++,java,go,d,fortran,objc,obj-c++ --prefix=/usr --program-suffix=-6 --program-prefix=x86_64-linux-gnu- --enable-shared --enable-linker-build-id --libexecdir=/usr/lib --without-included-gettext --enable-threads=posix --libdir=/usr/lib --enable-nls --with-sysroot=/ --enable-clocale=gnu --enable-libstdcxx-debug --enable-libstdcxx-time=yes --with-default-libstdcxx-abi=new --enable-gnu-unique-object --disable-vtable-verify --enable-libmpx --enable-plugin --enable-default-pie --with-system-zlib --disable-browser-plugin --enable-java-awt=gtk --enable-gtk-cairo --with-java-home=/usr/lib/jvm/java-1.5.0-gcj-6-amd64/jre --enable-java-home --with-jvm-root-dir=/usr/lib/jvm/java-1.5.0-gcj-6-amd64 --with-jvm-jar-dir=/usr/lib/jvm-exports/java-1.5.0-gcj-6-amd64 --with-arch-directory=amd64 --with-ecj-jar=/usr/share/java/eclipse-ecj.jar --enable-objc-gc --enable-multiarch --disable-werror --with-arch-32=i686 --with-abi=m64 --with-multilib-list=m32,m64,mx32 --enable-multilib --with-tune=generic --enable-checking=release --build=x86_64-linux-gnu --host=x86_64-linux-gnu --target=x86_64-linux-gnu
Thread model: posix
gcc version 6.2.0 20161005 (Ubuntu 6.2.0-5ubuntu12) 
configure:3532: $? = 0
configure:3539: gcc -V >&5
gcc: error: unrecognized command line option '-V'
gcc: fatal error: no input files
compilation terminated.
configure:3542: $? = 1
configure:3545: checking whether we are using the GNU C compiler
configure:3574: gcc -c   conftest.c >&5
configure:3580: $? = 0
configure:3597: result: yes
configure:3602: checking whether gcc accepts -g
configure:3632: gcc -c -g  conftest.c >&5
configure:3638: $? = 0
configure:3737: result: yes
configure:3754: checking for gcc option to accept ISO C89
configure:3828: gcc  -c -g -O2  conftest.c >&5
configure:3834: $? = 0
configure:3857: result: none needed
configure:3877: checking dependency style of gcc
configure:3968: result: gcc3
configure:3988: checking how to run the C preprocessor
configure:4028: gcc -E  conftest.c
configure:4034: $? = 0
configure:4065: gcc -E  conftest.c
conftest.c:10:28: fatal error: ac_nonexistent.h: No such file or directory
 #include <ac_nonexistent.h>
                            ^
compilation terminated.
configure:4071: $? = 1
configure: failed program was:
| /* confdefs.h.  */
| #define PACKAGE_NAME "libaeon"
| #define PACKAGE_TARNAME "libaeon"
| #define PACKAGE_VERSION "0.16.21"
| #define PACKAGE_STRING "libaeon 0.16.21"
| #define PACKAGE_BUGREPORT "earmbrust@users.sourceforge.net"
| #define PACKAGE "libaeon"
| #define VERSION "0.16.21"
| /* end confdefs.h.  */
| #include <ac_nonexistent.h>
configure:4104: result: gcc -E
configure:4133: gcc -E  conftest.c
configure:4139: $? = 0
configure:4170: gcc -E  conftest.c
conftest.c:10:28: fatal error: ac_nonexistent.h: No such file or directory
 #include <ac_nonexistent.h>
                            ^
compilation terminated.
configure:4176: $? = 1
configure: failed program was:
| /* confdefs.h.  */
| #define PACKAGE_NAME "libaeon"
| #define PACKAGE_TARNAME "libaeon"
| #define PACKAGE_VERSION "0.16.21"
| #define PACKAGE_STRING "libaeon 0.16.21"
| #define PACKAGE_BUGREPORT "earmbrust@users.sourceforge.net"
| #define PACKAGE "libaeon"
| #define VERSION "0.16.21"
| /* end confdefs.h.  */
| #include <ac_nonexistent.h>
configure:4226: checking for a BSD-compatible install
configure:4282: result: /usr/bin/install -c
configure:4293: checking whether ln -s works
configure:4297: result: yes
configure:4304: checking whether make sets $(MAKE)
configure:4325: result: yes
configure:4367: checking build system type
configure:4385: result: x86_64-unknown-linux-gnu
configure:4407: checking host system type
configure:4422: result: x86_64-unknown-linux-gnu
configure:4444: checking for a sed that does not truncate output
configure:4523: result: /bin/sed
configure:4541: checking for grep that handles long lines and -e
configure:4615: result: /bin/grep
configure:4620: checking for egrep
configure:4698: result: /bin/grep -E
configure:4703: checking for fgrep
configure:4781: result: /bin/grep -F
configure:4816: checking for ld used by gcc
configure:4883: result: /usr/bin/ld
configure:4892: checking if the linker (/usr/bin/ld) is GNU ld
configure:4907: result: yes
configure:4919: checking for BSD- or MS-compatible name lister (nm)
configure:4968: result: /usr/bin/nm -B
configure:5090: checking the name lister (/usr/bin/nm -B) interface
configure:5097: gcc -c -g -O2  conftest.c >&5
configure:5100: /usr/bin/nm -B "conftest.o"
configure:5103: output
0000000000000000 B some_variable
configure:5110: result: BSD nm
configure:5114: checking the maximum length of command line arguments
configure:5234: result: 1572864
configure:5251: checking whether the shell understands some XSI constructs
configure:5261: result: yes
configure:5265: checking whether the shell understands "+="
configure:5271: result: yes
configure:5306: checking for /usr/bin/ld option to reload object files
configure:5313: result: -r
configure:5340: checking how to recognize dependent libraries
configure:5530: result: pass_all
configure:5590: checking for ar
configure:5606: found /usr/bin/ar
configure:5617: result: ar
configure:5699: checking for strip
configure:5715: found /usr/bin/strip
configure:5726: result: strip
configure:5802: checking for ranlib
configure:5818: found /usr/bin/ranlib
configure:5829: result: ranlib
configure:5923: checking command to parse /usr/bin/nm -B output from gcc object
configure:6041: gcc -c -g -O2  conftest.c >&5
configure:6044: $? = 0
configure:6048: /usr/bin/nm -B conftest.o \| sed -n -e 's/^.*[	 ]\([ABCDGIRSTW][ABCDGIRSTW]*\)[	 ][	 ]*\([_A-Za-z][_A-Za-z0-9]*\)$/\1 \2 \2/p' \> conftest.nm
configure:6051: $? = 0
configure:6105: gcc -o conftest -g -O2   conftest.c conftstm.o >&5
configure:6108: $? = 0
configure:6146: result: ok
configure:6242: gcc -c -g -O2  conftest.c >&5
configure:6245: $? = 0
configure:7021: checking for ANSI C header files
configure:7051: gcc -c -g -O2  conftest.c >&5
configure:7057: $? = 0
configure:7156: gcc -o conftest -g -O2   conftest.c  >&5
configure:7159: $? = 0
configure:7165: ./conftest
configure:7168: $? = 0
configure:7185: result: yes
configure:7209: checking for sys/types.h
configure:7230: gcc -c -g -O2  conftest.c >&5
configure:7236: $? = 0
configure:7252: result: yes
configure:7209: checking for sys/stat.h
configure:7230: gcc -c -g -O2  conftest.c >&5
configure:7236: $? = 0
configure:7252: result: yes
configure:7209: checking for stdlib.h
configure:7230: gcc -c -g -O2  conftest.c >&5
configure:7236: $? = 0
configure:7252: result: yes
configure:7209: checking for string.h
configure:7230: gcc -c -g -O2  conftest.c >&5
configure:7236: $? = 0
configure:7252: result: yes
configure:7209: checking for memory.h
configure:7230: gcc -c -g -O2  conftest.c >&5
configure:7236: $? = 0
configure:7252: result: yes
configure:7209: checking for strings.h
configure:7230: gcc -c -g -O2  conftest.c >&5
configure:7236: $? = 0
configure:7252: result: yes
configure:7209: checking for inttypes.h
configure:7230: gcc -c -g -O2  conftest.c >&5
configure:7236: $? = 0
configure:7252: result: yes
configure:7209: checking for stdint.h
configure:7230: gcc -c -g -O2  conftest.c >&5
configure:7236: $? = 0
configure:7252: result: yes
configure:7209: checking for unistd.h
configure:7230: gcc -c -g -O2  conftest.c >&5
configure:7236: $? = 0
configure:7252: result: yes
configure:7268: checking for dlfcn.h
configure:7289: gcc -c -g -O2  conftest.c >&5
configure:7295: $? = 0
configure:7311: result: yes
configure:7440: checking for C++ compiler version
configure:7447: g++ --version >&5
g++ (Ubuntu 6.2.0-5ubuntu12) 6.2.0 20161005
Copyright (C) 2016 Free Software Foundation, Inc.
This is free software; see the source for copying conditions.  There is NO
warranty; not even for MERCHANTABILITY or FITNESS FOR A PARTICULAR PURPOSE.

configure:7450: $? = 0
configure:7457: g++ -v >&5
Using built-in specs.
COLLECT_GCC=g++
COLLECT_LTO_WRAPPER=/usr/lib/gcc/x86_64-linux-gnu/6/lto-wrapper
Target: x86_64-linux-gnu
Configured with: ../src/configure -v --with-pkgversion='Ubuntu 6.2.0-5ubuntu12' --with-bugurl=file:///usr/share/doc/gcc-6/README.Bugs --enable-languages=c,ada,c++,java,go,d,fortran,objc,obj-c++ --prefix=/usr --program-suffix=-6 --program-prefix=x86_64-linux-gnu- --enable-shared --enable-linker-build-id --libexecdir=/usr/lib --without-included-gettext --enable-threads=posix --libdir=/usr/lib --enable-nls --with-sysroot=/ --enable-clocale=gnu --enable-libstdcxx-debug --enable-libstdcxx-time=yes --with-default-libstdcxx-abi=new --enable-gnu-unique-object --disable-vtable-verify --enable-libmpx --enable-plugin --enable-default-pie --with-system-zlib --disable-browser-plugin --enable-java-awt=gtk --enable-gtk-cairo --with-java-home=/usr/lib/jvm/java-1.5.0-gcj-6-amd64/jre --enable-java-home --with-jvm-root-dir=/usr/lib/jvm/java-1.5.0-gcj-6-amd64 --with-jvm-jar-dir=/usr/lib/jvm-exports/java-1.5.0-gcj-6-amd64 --with-arch-directory=amd64 --with-ecj-jar=/usr/share/java/eclipse-ecj.jar --enable-objc-gc --enable-multiarch --disable-werror --with-arch-32=i686 --with-abi=m64 --with-multilib-list=m32,m64,mx32 --enable-multilib --with-tune=generic --enable-checking=release --build=x86_64-linux-gnu --host=x86_64-linux-gnu --target=x86_64-linux-gnu
Thread model: posix
gcc version 6.2.0 20161005 (Ubuntu 6.2.0-5ubuntu12) 
configure:7460: $? = 0
configure:7467: g++ -V >&5
g++: error: unrecognized command line option '-V'
g++: fatal error: no input files
compilation terminated.
configure:7470: $? = 1
configure:7473: checking whether we are using the GNU C++ compiler
configure:7525: result: yes
configure:7530: checking whether g++ accepts -g
configure:7665: result: yes
configure:7690: checking dependency style of g++
configure:7781: result: gcc3
configure:7804: checking how to run the C++ preprocessor
configure:7840: g++ -E  conftest.cpp
configure:7846: $? = 0
configure:7877: g++ -E  conftest.cpp
conftest.cpp:21:28: fatal error: ac_nonexistent.h: No such file or directory
 #include <ac_nonexistent.h>
                            ^
compilation terminated.
configure:7883: $? = 1
configure: failed program was:
| /* confdefs.h.  */
| #define PACKAGE_NAME "libaeon"
| #define PACKAGE_TARNAME "libaeon"
| #define PACKAGE_VERSION "0.16.21"
| #define PACKAGE_STRING "libaeon 0.16.21"
| #define PACKAGE_BUGREPORT "earmbrust@users.sourceforge.net"
| #define PACKAGE "libaeon"
| #define VERSION "0.16.21"
| #define STDC_HEADERS 1
| #define HAVE_SYS_TYPES_H 1
| #define HAVE_SYS_STAT_H 1
| #define HAVE_STDLIB_H 1
| #define HAVE_STRING_H 1
| #define HAVE_MEMORY_H 1
| #define HAVE_STRINGS_H 1
| #define HAVE_INTTYPES_H 1
| #define HAVE_STDINT_H 1
| #define HAVE_UNISTD_H 1
| #define HAVE_DLFCN_H 1
| /* end confdefs.h.  */
| #include <ac_nonexistent.h>
configure:7916: result: g++ -E
configure:7945: g++ -E  conftest.cpp
configure:7951: $? = 0
configure:7982: g++ -E  conftest.cpp
conftest.cpp:21:28: fatal error: ac_nonexistent.h: No such file or directory
 #include <ac_nonexistent.h>
                            ^
compilation terminated.
configure:7988: $? = 1
configure: failed program was:
| /* confdefs.h.  */
| #define PACKAGE_NAME "libaeon"
| #define PACKAGE_TARNAME "libaeon"
| #define PACKAGE_VERSION "0.16.21"
| #define PACKAGE_STRING "libaeon 0.16.21"
| #define PACKAGE_BUGREPORT "earmbrust@users.sourceforge.net"
| #define PACKAGE "libaeon"
| #define VERSION "0.16.21"
| #define STDC_HEADERS 1
| #define HAVE_SYS_TYPES_H 1
| #define HAVE_SYS_STAT_H 1
| #define HAVE_STDLIB_H 1
| #define HAVE_STRING_H 1
| #define HAVE_MEMORY_H 1
| #define HAVE_STRINGS_H 1
| #define HAVE_INTTYPES_H 1
| #define HAVE_STDINT_H 1
| #define HAVE_UNISTD_H 1
| #define HAVE_DLFCN_H 1
| /* end confdefs.h.  */
| #include <ac_nonexistent.h>
configure:8200: checking for objdir
configure:8215: result: .libs
configure:8507: checking if gcc supports -fno-rtti -fno-exceptions
configure:8525: gcc -c -g -O2  -fno-rtti -fno-exceptions conftest.c >&5
cc1: warning: command line option '-fno-rtti' is valid for C++/ObjC++ but not for C
configure:8529: $? = 0
configure:8542: result: no
configure:8562: checking for gcc option to produce PIC
configure:8819: result: -fPIC -DPIC
configure:8831: checking if gcc PIC flag -fPIC -DPIC works
configure:8849: gcc -c -g -O2  -fPIC -DPIC -DPIC conftest.c >&5
configure:8853: $? = 0
configure:8866: result: yes
configure:8890: checking if gcc static flag -static works
configure:8918: result: yes
configure:8933: checking if gcc supports -c -o file.o
configure:8954: gcc -c -g -O2  -o out/conftest2.o conftest.c >&5
configure:8958: $? = 0
configure:8980: result: yes
configure:8988: checking if gcc supports -c -o file.o
configure:9035: result: yes
configure:9068: checking whether the gcc linker (/usr/bin/ld -m elf_x86_64) supports shared libraries
configure:10123: result: yes
configure:10160: checking whether -lc should be explicitly linked in
configure:10165: gcc -c -g -O2  conftest.c >&5
configure:10168: $? = 0
configure:10183: gcc -shared conftest.o  -v -Wl,-soname -Wl,conftest -o conftest 2\>\&1 \| /bin/grep  -lc  \>/dev/null 2\>\&1
configure:10186: $? = 0
configure:10198: result: no
configure:10362: checking dynamic linker characteristics
configure:10805: gcc -o conftest -g -O2   -Wl,-rpath -Wl,/foo conftest.c  >&5
configure:10811: $? = 0
configure:11053: result: GNU/Linux ld.so
configure:11155: checking how to hardcode library paths into programs
configure:11180: result: immediate
configure:11993: checking whether stripping libraries is possible
configure:11998: result: yes
configure:12033: checking if libtool supports shared libraries
configure:12035: result: yes
configure:12038: checking whether to build shared libraries
configure:12059: result: yes
configure:12062: checking whether to build static libraries
configure:12066: result: yes
configure:12216: checking for ld used by g++
configure:12283: result: /usr/bin/ld -m elf_x86_64
configure:12292: checking if the linker (/usr/bin/ld -m elf_x86_64) is GNU ld
configure:12307: result: yes
configure:12362: checking whether the g++ linker (/usr/bin/ld -m elf_x86_64) supports shared libraries
configure:13324: result: yes
configure:13352: g++ -c -g -O2  conftest.cpp >&5
configure:13355: $? = 0
configure:13537: checking for g++ option to produce PIC
configure:13846: result: -fPIC -DPIC
configure:13855: checking if g++ PIC flag -fPIC -DPIC works
configure:13873: g++ -c -g -O2  -fPIC -DPIC -DPIC conftest.cpp >&5
configure:13877: $? = 0
configure:13890: result: yes
configure:13911: checking if g++ static flag -static works
configure:13939: result: yes
configure:13951: checking if g++ supports -c -o file.o
configure:13972: g++ -c -g -O2  -o out/conftest2.o conftest.cpp >&5
configure:13976: $? = 0
configure:13998: result: yes
configure:14003: checking if g++ supports -c -o file.o
configure:14050: result: yes
configure:14080: checking whether the g++ linker (/usr/bin/ld -m elf_x86_64) supports shared libraries
configure:14109: result: yes
configure:14246: checking dynamic linker characteristics
configure:14637: g++ -o conftest -g -O2   -Wl,-rpath -Wl,/foo conftest.cpp  >&5
configure:14643: $? = 0
configure:14885: result: GNU/Linux ld.so
configure:14936: checking how to hardcode library paths into programs
configure:14961: result: immediate
configure:15062: checking for ranlib
configure:15089: result: ranlib
configure:15133: checking for ANSI C header files
configure:15297: result: yes
configure:15326: checking arpa/inet.h usability
configure:15343: gcc -c -g -O2  conftest.c >&5
configure:15349: $? = 0
configure:15363: result: yes
configure:15367: checking arpa/inet.h presence
configure:15382: gcc -E  conftest.c
configure:15388: $? = 0
configure:15402: result: yes
configure:15435: checking for arpa/inet.h
configure:15443: result: yes
configure:15326: checking netdb.h usability
configure:15343: gcc -c -g -O2  conftest.c >&5
configure:15349: $? = 0
configure:15363: result: yes
configure:15367: checking netdb.h presence
configure:15382: gcc -E  conftest.c
configure:15388: $? = 0
configure:15402: result: yes
configure:15435: checking for netdb.h
configure:15443: result: yes
configure:15326: checking netinet/in.h usability
configure:15343: gcc -c -g -O2  conftest.c >&5
configure:15349: $? = 0
configure:15363: result: yes
configure:15367: checking netinet/in.h presence
configure:15382: gcc -E  conftest.c
configure:15388: $? = 0
configure:15402: result: yes
configure:15435: checking for netinet/in.h
configure:15443: result: yes
configure:15316: checking for string.h
configure:15322: result: yes
configure:15326: checking sys/socket.h usability
configure:15343: gcc -c -g -O2  conftest.c >&5
configure:15349: $? = 0
configure:15363: result: yes
configure:15367: checking sys/socket.h presence
configure:15382: gcc -E  conftest.c
configure:15388: $? = 0
configure:15402: result: yes
configure:15435: checking for sys/socket.h
configure:15443: result: yes
configure:15458: checking for stdbool.h that conforms to C99
configure:15551: gcc -c -g -O2  conftest.c >&5
configure:15557: $? = 0
configure:15572: result: yes
configure:15574: checking for _Bool
configure:15604: gcc -c -g -O2  conftest.c >&5
configure:15610: $? = 0
configure:15625: result: yes
configure:15644: checking for an ANSI C-conforming const
configure:15719: gcc -c -g -O2  conftest.c >&5
configure:15725: $? = 0
configure:15740: result: yes
configure:15763: checking for gethostbyname
configure:15819: gcc -o conftest -g -O2   conftest.c  >&5
configure:15825: $? = 0
configure:15843: result: yes
configure:15763: checking for inet_ntoa
configure:15819: gcc -o conftest -g -O2   conftest.c  >&5
configure:15825: $? = 0
configure:15843: result: yes
configure:15763: checking for memset
configure:15819: gcc -o conftest -g -O2   conftest.c  >&5
conftest.c:55:6: warning: conflicting types for built-in function 'memset'
 char memset ();
      ^~~~~~
configure:15825: $? = 0
configure:15843: result: yes
configure:15763: checking for socket
configure:15819: gcc -o conftest -g -O2   conftest.c  >&5
configure:15825: $? = 0
configure:15843: result: yes
configure:15984: creating ./config.status

## ---------------------- ##
## Running config.status. ##
## ---------------------- ##

This file was extended by libaeon config.status 0.16.21, which was
generated by GNU Autoconf 2.61.  Invocation command line was

  CONFIG_FILES    = 
  CONFIG_HEADERS  = 
  CONFIG_LINKS    = 
  CONFIG_COMMANDS = 
  $ ./config.status 

on earmbrust-VirtualBox

config.status:911: creating Makefile
config.status:911: creating src/Makefile
config.status:911: creating config.h
config.status:1198: executing depfiles commands
config.status:1198: executing libtool commands

## ---------------- ##
## Cache variables. ##
## ---------------- ##

ac_cv_build=x86_64-unknown-linux-gnu
ac_cv_c_compiler_gnu=yes
ac_cv_c_const=yes
ac_cv_cxx_compiler_gnu=yes
ac_cv_env_CCC_set=
ac_cv_env_CCC_value=
ac_cv_env_CC_set=
ac_cv_env_CC_value=
ac_cv_env_CFLAGS_set=
ac_cv_env_CFLAGS_value=
ac_cv_env_CPPFLAGS_set=
ac_cv_env_CPPFLAGS_value=
ac_cv_env_CPP_set=
ac_cv_env_CPP_value=
ac_cv_env_CXXCPP_set=
ac_cv_env_CXXCPP_value=
ac_cv_env_CXXFLAGS_set=
ac_cv_env_CXXFLAGS_value=
ac_cv_env_CXX_set=
ac_cv_env_CXX_value=
ac_cv_env_LDFLAGS_set=
ac_cv_env_LDFLAGS_value=
ac_cv_env_LIBS_set=
ac_cv_env_LIBS_value=
ac_cv_env_build_alias_set=
ac_cv_env_build_alias_value=
ac_cv_env_host_alias_set=
ac_cv_env_host_alias_value=
ac_cv_env_target_alias_set=
ac_cv_env_target_alias_value=
ac_cv_func_gethostbyname=yes
ac_cv_func_inet_ntoa=yes
ac_cv_func_memset=yes
ac_cv_func_socket=yes
ac_cv_header_arpa_inet_h=yes
ac_cv_header_dlfcn_h=yes
ac_cv_header_inttypes_h=yes
ac_cv_header_memory_h=yes
ac_cv_header_netdb_h=yes
ac_cv_header_netinet_in_h=yes
ac_cv_header_stdbool_h=yes
ac_cv_header_stdc=yes
ac_cv_header_stdint_h=yes
ac_cv_header_stdlib_h=yes
ac_cv_header_string_h=yes
ac_cv_header_strings_h=yes
ac_cv_header_sys_socket_h=yes
ac_cv_header_sys_stat_h=yes
ac_cv_header_sys_types_h=yes
ac_cv_header_unistd_h=yes
ac_cv_host=x86_64-unknown-linux-gnu
ac_cv_objext=o
ac_cv_path_EGREP='/bin/grep -E'
ac_cv_path_FGREP='/bin/grep -F'
ac_cv_path_GREP=/bin/grep
ac_cv_path_SED=/bin/sed
ac_cv_path_install='/usr/bin/install -c'
ac_cv_path_mkdir=/bin/mkdir
ac_cv_prog_AWK=mawk
ac_cv_prog_CPP='gcc -E'
ac_cv_prog_CXXCPP='g++ -E'
ac_cv_prog_ac_ct_AR=ar
ac_cv_prog_ac_ct_CC=gcc
ac_cv_prog_ac_ct_CXX=g++
ac_cv_prog_ac_ct_RANLIB=ranlib
ac_cv_prog_ac_ct_STRIP=strip
ac_cv_prog_cc_c89=
ac_cv_prog_cc_g=yes
ac_cv_prog_cxx_g=yes
ac_cv_prog_make_make_set=yes
ac_cv_type__Bool=yes
am_cv_CC_dependencies_compiler_type=gcc3
am_cv_CXX_dependencies_compiler_type=gcc3
lt_cv_deplibs_check_method=pass_all
lt_cv_file_magic_cmd='$MAGIC_CMD'
lt_cv_file_magic_test_file=
lt_cv_ld_reload_flag=-r
lt_cv_nm_interface='BSD nm'
lt_cv_objdir=.libs
lt_cv_path_LD=/usr/bin/ld
lt_cv_path_LDCXX='/usr/bin/ld -m elf_x86_64'
lt_cv_path_NM='/usr/bin/nm -B'
lt_cv_prog_compiler_c_o=yes
lt_cv_prog_compiler_c_o_CXX=yes
lt_cv_prog_compiler_pic_works=yes
lt_cv_prog_compiler_pic_works_CXX=yes
lt_cv_prog_compiler_rtti_exceptions=no
lt_cv_prog_compiler_static_works=yes
lt_cv_prog_compiler_static_works_CXX=yes
lt_cv_prog_gnu_ld=yes
lt_cv_prog_gnu_ldcxx=yes
lt_cv_sys_global_symbol_pipe='sed -n -e '\''s/^.*[	 ]\([ABCDGIRSTW][ABCDGIRSTW]*\)[	 ][	 ]*\([_A-Za-z][_A-Za-z0-9]*\)$/\1 \2 \2/p'\'''
lt_cv_sys_global_symbol_to_c_name_address='sed -n -e '\''s/^: \([^ ]*\) $/  {\"\1\", (void *) 0},/p'\'' -e '\''s/^[ABCDGIRSTW]* \([^ ]*\) \([^ ]*\)$/  {"\2", (void *) \&\2},/p'\'''
lt_cv_sys_global_symbol_to_c_name_address_lib_prefix='sed -n -e '\''s/^: \([^ ]*\) $/  {\"\1\", (void *) 0},/p'\'' -e '\''s/^[ABCDGIRSTW]* \([^ ]*\) \(lib[^ ]*\)$/  {"\2", (void *) \&\2},/p'\'' -e '\''s/^[ABCDGIRSTW]* \([^ ]*\) \([^ ]*\)$/  {"lib\2", (void *) \&\2},/p'\'''
lt_cv_sys_global_symbol_to_cdecl='sed -n -e '\''s/^T .* \(.*\)$/extern int \1();/p'\'' -e '\''s/^[ABCDGIRSTW]* .* \(.*\)$/extern char \1;/p'\'''
lt_cv_sys_max_cmd_len=1572864

## ----------------- ##
## Output variables. ##
## ----------------- ##

ACLOCAL='${SHELL} /home/earmbrust/Downloads/libaeon/missing --run aclocal-1.10'
AMDEPBACKSLASH='\'
AMDEP_FALSE='#'
AMDEP_TRUE=''
AMTAR='${SHELL} /home/earmbrust/Downloads/libaeon/missing --run tar'
AM_CFLAGS=''
AM_CXXFLAGS=''
AR='ar'
AUTOCONF='${SHELL} /home/earmbrust/Downloads/libaeon/missing --run autoconf'
AUTOHEADER='${SHELL} /home/earmbrust/Downloads/libaeon/missing --run autoheader'
AUTOMAKE='${SHELL} /home/earmbrust/Downloads/libaeon/missing --run automake-1.10'
AWK='mawk'
CC='gcc'
CCDEPMODE='depmode=gcc3'
CFLAGS='-g -O2'
CPP='gcc -E'
CPPFLAGS=''
CXX='g++'
CXXCPP='g++ -E'
CXXDEPMODE='depmode=gcc3'
CXXFLAGS='-g -O2'
CYGPATH_W='echo'
DEFS='-DHAVE_CONFIG_H'
DEPDIR='.deps'
DSYMUTIL=''
DUMPBIN=''
ECHO_C=''
ECHO_N='-n'
ECHO_T=''
EGREP='/bin/grep -E'
EXEEXT=''
FGREP='/bin/grep -F'
GREP='/bin/grep'
INSTALL_DATA='${INSTALL} -m 644'
INSTALL_PROGRAM='${INSTALL}'
INSTALL_SCRIPT='${INSTALL}'
INSTALL_STRIP_PROGRAM='$(install_sh) -c -s'
LD='/usr/bin/ld -m elf_x86_64'
LDFLAGS=''
LIBOBJS=''
LIBS=''
LIBTOOL='$(SHELL) $(top_builddir)/libtool'
LIPO=''
LN_S='ln -s'
LTLIBOBJS=''
MAKEINFO='${SHELL} /home/earmbrust/Downloads/libaeon/missing --run makeinfo'
NM='/usr/bin/nm -B'
NMEDIT=''
OBJEXT='o'
OTOOL64=''
OTOOL=''
PACKAGE='libaeon'
PACKAGE_BUGREPORT='earmbrust@users.sourceforge.net'
PACKAGE_NAME='libaeon'
PACKAGE_STRING='libaeon 0.16.21'
PACKAGE_TARNAME='libaeon'
PACKAGE_VERSION='0.16.21'
PATH_SEPARATOR=':'
RANLIB='ranlib'
SED='/bin/sed'
SET_MAKE=''
SHELL='/bin/bash'
STRIP='strip'
VERSION='0.16.21'
ac_ct_CC='gcc'
ac_ct_CXX='g++'
ac_ct_DUMPBIN=''
am__fastdepCC_FALSE='#'
am__fastdepCC_TRUE=''
am__fastdepCXX_FALSE='#'
am__fastdepCXX_TRUE=''
am__include='include'
am__isrc=''
am__leading_dot='.'
am__quote=''
am__tar='${AMTAR} chof - "$$tardir"'
am__untar='${AMTAR} xf -'
bindir='${exec_prefix}/bin'
build='x86_64-unknown-linux-gnu'
build_alias=''
build_cpu='x86_64'
build_os='linux-gnu'
build_vendor='unknown'
datadir='${datarootdir}'
datarootdir='${prefix}/share'
docdir='${datarootdir}/doc/${PACKAGE_TARNAME}'
dvidir='${docdir}'
exec_prefix='${prefix}'
host='x86_64-unknown-linux-gnu'
host_alias=''
host_cpu='x86_64'
host_os='linux-gnu'
host_vendor='unknown'
htmldir='${docdir}'
includedir='${prefix}/include'
infodir='${datarootdir}/info'
install_sh='$(SHELL) /home/earmbrust/Downloads/libaeon/install-sh'
libdir='${exec_prefix}/lib'
libexecdir='${exec_prefix}/libexec'
localedir='${datarootdir}/locale'
localstatedir='${prefix}/var'
lt_ECHO='echo'
mandir='${datarootdir}/man'
mkdir_p='/bin/mkdir -p'
oldincludedir='/usr/include'
pdfdir='${docdir}'
prefix='/usr/local'
program_transform_name='s,x,x,'
psdir='${docdir}'
sbindir='${exec_prefix}/sbin'
sharedstatedir='${prefix}/com'
sysconfdir='${prefix}/etc'
target_alias=''

## ----------- ##
## confdefs.h. ##
## ----------- ##

#define PACKAGE_NAME "libaeon"
#define PACKAGE_TARNAME "libaeon"
#define PACKAGE_VERSION "0.16.21"
#define PACKAGE_STRING "libaeon 0.16.21"
#define PACKAGE_BUGREPORT "earmbrust@users.sourceforge.net"
#define PACKAGE "libaeon"
#define VERSION "0.16.21"
#define STDC_HEADERS 1
#define HAVE_SYS_TYPES_H 1
#define HAVE_SYS_STAT_H 1
#define HAVE_STDLIB_H 1
#define HAVE_STRING_H 1
#define HAVE_MEMORY_H 1
#define HAVE_STRINGS_H 1
#define HAVE_INTTYPES_H 1
#define HAVE_STDINT_H 1
#define HAVE_UNISTD_H 1
#define HAVE_DLFCN_H 1
#define LT_OBJDIR ".libs/"
#define STDC_HEADERS 1
#define HAVE_ARPA_INET_H 1
#define HAVE_NETDB_H 1
#define HAVE_NETINET_IN_H 1
#define HAVE_STRING_H 1
#define HAVE_SYS_SOCKET_H 1
#define HAVE__BOOL 1
#define HAVE_STDBOOL_H 1
#define HAVE_GETHOSTBYNAME 1
#define HAVE_INET_NTOA 1
#define HAVE_MEMSET 1
#define HAVE_SOCKET 1

configure: exit 0
